<?xml version="1.0" encoding="UTF-8"?>
<beans xmlns="http://www.springframework.org/schema/beans" 
    xmlns:xsi="http://www.w3.org/2001/XMLSchema-instance"
    xmlns:context="http://www.springframework.org/schema/context" 
    xmlns:jdbc="http://www.springframework.org/schema/jdbc"
    xmlns:jpa="http://www.springframework.org/schema/data/jpa" 
    xmlns:cache="http://www.springframework.org/schema/cache"
    xmlns:aop="http://www.springframework.org/schema/aop" 
    xmlns:p="http://www.springframework.org/schema/p" 
    xmlns:task="http://www.springframework.org/schema/task"
    xmlns:util="http://www.springframework.org/schema/util" 
    xmlns:mvc="http://www.springframework.org/schema/mvc"
    xmlns:mockito="http://www.mockito.org/spring/mockito"
    xsi:schemaLocation="http://www.springframework.org/schema/beans http://www.springframework.org/schema/beans/spring-beans-3.1.xsd
        http://www.springframework.org/schema/context http://www.springframework.org/schema/context/spring-context-3.1.xsd
        http://www.springframework.org/schema/jdbc http://www.springframework.org/schema/jdbc/spring-jdbc-3.1.xsd
        http://www.springframework.org/schema/data/jpa http://www.springframework.org/schema/data/jpa/spring-jpa-1.0.xsd
        http://www.springframework.org/schema/cache http://www.springframework.org/schema/cache/spring-cache.xsd
        http://www.springframework.org/schema/aop http://www.springframework.org/schema/aop/spring-aop-3.1.xsd
        http://www.springframework.org/schema/task http://www.springframework.org/schema/task/spring-task-3.1.xsd
        http://www.springframework.org/schema/util http://www.springframework.org/schema/util/spring-util-3.1.xsd
        http://www.springframework.org/schema/mvc http://www.springframework.org/schema/mvc/spring-mvc-3.1.xsd
        http://www.mockito.org/spring/mockito classpath:spring/mockito.xsd">

    <context:property-placeholder 
        location="classpath:test-spring.properties" 
        system-properties-mode="OVERRIDE" 
        ignore-unresolvable="true"/>
        
<!--    <bean id="refsetService" class="com.ihtsdo.snomed.web.testing.MockitoFactoryBean"> -->
<!--         <constructor-arg name="classToBeMocked" value="com.ihtsdo.snomed.web.service.RepositoryRefsetService"/> -->
<!--         <aop:scoped-proxy/> -->
<!--     </bean> -->
    
<!--    <bean id="refsetController" class="com.ihtsdo.snomed.web.testing.MockitoFactoryBean"> -->
<!--         <constructor-arg name="classToBeMocked" value="com.ihtsdo.snomed.web.controller.RefsetController"/> -->
<!--         <aop:scoped-proxy/> -->
<!--     </bean>     -->

</beans>