<?xml version="1.0" encoding="UTF-8"?>
<beans xmlns="http://www.springframework.org/schema/beans"
    xmlns:xsi="http://www.w3.org/2001/XMLSchema-instance" 
    xmlns:p="http://www.springframework.org/schema/p"
    xmlns:jpa="http://www.springframework.org/schema/data/jpa" 
    xmlns:tx="http://www.springframework.org/schema/tx" 
    xmlns:context="http://www.springframework.org/schema/context"
    xmlns:repository="http://www.springframework.org/schema/data/repository"
    xmlns:util="http://www.springframework.org/schema/util"
    xsi:schemaLocation="http://www.springframework.org/schema/beans 
        http://www.springframework.org/schema/beans/spring-beans-3.1.xsd
        http://www.springframework.org/schema/context 
        http://www.springframework.org/schema/context/spring-context-3.1.xsd
        http://www.springframework.org/schema/jdbc 
        http://www.springframework.org/schema/jdbc/spring-jdbc-3.1.xsd
        http://www.springframework.org/schema/cache
        http://www.springframework.org/schema/cache/spring-cache.xsd
        http://www.springframework.org/schema/aop
        http://www.springframework.org/schema/aop/spring-aop-3.1.xsd
        http://www.springframework.org/schema/task
        http://www.springframework.org/schema/task/spring-task-3.1.xsd
        http://www.springframework.org/schema/util 
        http://www.springframework.org/schema/util/spring-util-3.1.xsd
        http://www.springframework.org/schema/mvc
        http://www.springframework.org/schema/mvc/spring-mvc-3.1.xsd
        http://www.springframework.org/schema/tx 
        http://www.springframework.org/schema/tx/spring-tx-3.1.xsd">

    <bean id="dataSource" class="org.apache.commons.dbcp.BasicDataSource" destroy-method="close">
        <property name="driverClassName" value="org.h2.Driver" />
        <property name="url" value="jdbc:h2:mem:testing-model" />
        <property name="username" value="sa" />
        <property name="password" value="" />
    </bean>
    
    <bean id="dataSourceAuthentication" class="org.apache.commons.dbcp.BasicDataSource" destroy-method="close">
        <property name="driverClassName" value="org.h2.Driver" />
        <property name="url" value="jdbc:h2:mem:testing-model" />
        <property name="username" value="sa" />
        <property name="password" value="" />
    </bean>
    
    <!-- Properties from persistence.xml -->
    <util:map id="jpaPropertyMap">        
        <entry  key="hibernate.hbm2ddl.auto" value="create-drop"/>
        <entry key="hibernate.dialect" value="org.hibernate.dialect.H2Dialect"/>
        <entry key="hibernate.connection.charSet" value="UTF-8"/>
        <entry key="hibernate.format_sql" value="false"/>
        <entry key="hibernate.show_sql" value="false"/>
    </util:map>
    
    <util:map id="jpaPropertyMapAuthentication">
        <entry  key="hibernate.hbm2ddl.auto" value="update"/>
        <entry key="hibernate.dialect" value="org.hibernate.dialect.H2Dialect"/>
        <entry key="hibernate.connection.charSet" value="UTF-8"/>
        <entry key="hibernate.format_sql" value="true"/>
        <entry key="hibernate.show_sql" value="true"/>
    </util:map>
    
</beans>
